#
# A fatal error has been detected by the Java Runtime Environment:
#
#  Internal Error (/home1/public/mariach/TeraHeap/teraheap/jdk17/src/hotspot/share/prims/unsafe.cpp:1065), pid=19941, tid=19946
#  guarantee(ok == 0) failed: register jdk.internal.misc.Unsafe natives
#
# JRE version:  (17.0) (slowdebug build )
# Java VM: OpenJDK 64-Bit Server VM (slowdebug 17-internal+0-adhoc.mariach.jdk17, mixed mode, tiered, compressed oops, compressed class ptrs, g1 gc, linux-amd64)
# Problematic frame:
# V  [libjvm.so+0x130ea7d]  JVM_RegisterJDKInternalMiscUnsafeMethods+0xa1
#
# No core dump will be written. Core dumps have been disabled. To enable core dumping, try "ulimit -c unlimited" before starting Java again
#
# The crash happened outside the Java Virtual Machine in native code.
# See problematic frame for where to report the bug.
#

---------------  S U M M A R Y ------------

Command Line: -Xms64M -Xmx1600M --add-exports=java.base/jdk.internal.module=ALL-UNNAMED build.tools.jigsaw.AddPackagesAttribute /home1/public/mariach/TeraHeap/teraheap/jdk17/build/linux-x86_64-server-slowdebug/jdk

Host: sith1.cluster.ics.forth.gr, Intel(R) Xeon(R) CPU E5-2630 v3 @ 2.40GHz, 32 cores, 251G, CentOS Linux release 7.9.2009 (Core)
Time: Sat Mar 25 20:04:56 2023 EET elapsed time: 0.593332 seconds (0d 0h 0m 0s)

---------------  T H R E A D  ---------------

Current thread (0x00007feb00029af0):  JavaThread "main" [_thread_in_native, id=19946, stack(0x00007feb098d3000,0x00007feb099d4000)]

Stack: [0x00007feb098d3000,0x00007feb099d4000],  sp=0x00007feb099d0050,  free space=1012k
Native frames: (J=compiled Java code, j=interpreted, Vv=VM code, C=native code)
V  [libjvm.so+0x130ea7d]  JVM_RegisterJDKInternalMiscUnsafeMethods+0xa1
j  jdk.internal.misc.Unsafe.registerNatives()V+0 java.base
j  jdk.internal.misc.Unsafe.<clinit>()V+0 java.base
v  ~StubRoutines::call_stub
V  [libjvm.so+0xb28124]  JavaCalls::call_helper(JavaValue*, methodHandle const&, JavaCallArguments*, JavaThread*)+0x598
V  [libjvm.so+0x1007ad0]  os::os_exception_wrapper(void (*)(JavaValue*, methodHandle const&, JavaCallArguments*, JavaThread*), JavaValue*, methodHandle const&, JavaCallArguments*, JavaThread*)+0x32
V  [libjvm.so+0xb27b88]  JavaCalls::call(JavaValue*, methodHandle const&, JavaCallArguments*, JavaThread*)+0x3a
V  [libjvm.so+0xaf799b]  InstanceKlass::call_class_initializer(JavaThread*)+0x263
V  [libjvm.so+0xaf651a]  InstanceKlass::initialize_impl(JavaThread*)+0x5f4
V  [libjvm.so+0xaf5320]  InstanceKlass::initialize(JavaThread*)+0x40
V  [libjvm.so+0xe02b5e]  LinkResolver::resolve_static_call(CallInfo&, LinkInfo const&, bool, JavaThread*)+0xd0
V  [libjvm.so+0xe059e0]  LinkResolver::resolve_invokestatic(CallInfo&, constantPoolHandle const&, int, JavaThread*)+0x62
V  [libjvm.so+0xe055af]  LinkResolver::resolve_invoke(CallInfo&, Handle, constantPoolHandle const&, int, Bytecodes::Code, JavaThread*)+0x69
V  [libjvm.so+0xb1c43f]  InterpreterRuntime::resolve_invoke(JavaThread*, Bytecodes::Code)+0x30b
V  [libjvm.so+0xb1ce08]  InterpreterRuntime::resolve_from_cache(JavaThread*, Bytecodes::Code)+0xa6
j  java.util.concurrent.ConcurrentHashMap.<clinit>()V+64 java.base
v  ~StubRoutines::call_stub
V  [libjvm.so+0xb28124]  JavaCalls::call_helper(JavaValue*, methodHandle const&, JavaCallArguments*, JavaThread*)+0x598
V  [libjvm.so+0x1007ad0]  os::os_exception_wrapper(void (*)(JavaValue*, methodHandle const&, JavaCallArguments*, JavaThread*), JavaValue*, methodHandle const&, JavaCallArguments*, JavaThread*)+0x32
V  [libjvm.so+0xb27b88]  JavaCalls::call(JavaValue*, methodHandle const&, JavaCallArguments*, JavaThread*)+0x3a
V  [libjvm.so+0xaf799b]  InstanceKlass::call_class_initializer(JavaThread*)+0x263
V  [libjvm.so+0xaf651a]  InstanceKlass::initialize_impl(JavaThread*)+0x5f4
V  [libjvm.so+0xaf5320]  InstanceKlass::initialize(JavaThread*)+0x40
V  [libjvm.so+0xb191d1]  InterpreterRuntime::_new(JavaThread*, ConstantPool*, int)+0xfd
j  java.lang.invoke.MethodHandles$Lookup.<clinit>()V+67 java.base
v  ~StubRoutines::call_stub
V  [libjvm.so+0xb28124]  JavaCalls::call_helper(JavaValue*, methodHandle const&, JavaCallArguments*, JavaThread*)+0x598
V  [libjvm.so+0x1007ad0]  os::os_exception_wrapper(void (*)(JavaValue*, methodHandle const&, JavaCallArguments*, JavaThread*), JavaValue*, methodHandle const&, JavaCallArguments*, JavaThread*)+0x32
V  [libjvm.so+0xb27b88]  JavaCalls::call(JavaValue*, methodHandle const&, JavaCallArguments*, JavaThread*)+0x3a
V  [libjvm.so+0xaf799b]  InstanceKlass::call_class_initializer(JavaThread*)+0x263
V  [libjvm.so+0xaf651a]  InstanceKlass::initialize_impl(JavaThread*)+0x5f4
V  [libjvm.so+0xaf5320]  InstanceKlass::initialize(JavaThread*)+0x40
V  [libjvm.so+0xb191d1]  InterpreterRuntime::_new(JavaThread*, ConstantPool*, int)+0xfd
j  java.lang.invoke.MethodHandles.lookup()Ljava/lang/invoke/MethodHandles$Lookup;+0 java.base
j  jdk.internal.access.SharedSecrets.<clinit>()V+0 java.base
v  ~StubRoutines::call_stub
V  [libjvm.so+0xb28124]  JavaCalls::call_helper(JavaValue*, methodHandle const&, JavaCallArguments*, JavaThread*)+0x598
V  [libjvm.so+0x1007ad0]  os::os_exception_wrapper(void (*)(JavaValue*, methodHandle const&, JavaCallArguments*, JavaThread*), JavaValue*, methodHandle const&, JavaCallArguments*, JavaThread*)+0x32
V  [libjvm.so+0xb27b88]  JavaCalls::call(JavaValue*, methodHandle const&, JavaCallArguments*, JavaThread*)+0x3a
V  [libjvm.so+0xaf799b]  InstanceKlass::call_class_initializer(JavaThread*)+0x263
V  [libjvm.so+0xaf651a]  InstanceKlass::initialize_impl(JavaThread*)+0x5f4
V  [libjvm.so+0xaf5320]  InstanceKlass::initialize(JavaThread*)+0x40
V  [libjvm.so+0xe02b5e]  LinkResolver::resolve_static_call(CallInfo&, LinkInfo const&, bool, JavaThread*)+0xd0
V  [libjvm.so+0xe059e0]  LinkResolver::resolve_invokestatic(CallInfo&, constantPoolHandle const&, int, JavaThread*)+0x62
V  [libjvm.so+0xe055af]  LinkResolver::resolve_invoke(CallInfo&, Handle, constantPoolHandle const&, int, Bytecodes::Code, JavaThread*)+0x69
V  [libjvm.so+0xb1c43f]  InterpreterRuntime::resolve_invoke(JavaThread*, Bytecodes::Code)+0x30b
V  [libjvm.so+0xb1ce08]  InterpreterRuntime::resolve_from_cache(JavaThread*, Bytecodes::Code)+0xa6
j  java.lang.reflect.AccessibleObject.<clinit>()V+7 java.base
v  ~StubRoutines::call_stub
V  [libjvm.so+0xb28124]  JavaCalls::call_helper(JavaValue*, methodHandle const&, JavaCallArguments*, JavaThread*)+0x598
V  [libjvm.so+0x1007ad0]  os::os_exception_wrapper(void (*)(JavaValue*, methodHandle const&, JavaCallArguments*, JavaThread*), JavaValue*, methodHandle const&, JavaCallArguments*, JavaThread*)+0x32
V  [libjvm.so+0xb27b88]  JavaCalls::call(JavaValue*, methodHandle const&, JavaCallArguments*, JavaThread*)+0x3a
V  [libjvm.so+0xaf799b]  InstanceKlass::call_class_initializer(JavaThread*)+0x263
V  [libjvm.so+0xaf651a]  InstanceKlass::initialize_impl(JavaThread*)+0x5f4
V  [libjvm.so+0xaf5320]  InstanceKlass::initialize(JavaThread*)+0x40
V  [libjvm.so+0xaf6338]  InstanceKlass::initialize_impl(JavaThread*)+0x412
V  [libjvm.so+0xaf5320]  InstanceKlass::initialize(JavaThread*)+0x40
V  [libjvm.so+0xaf6338]  InstanceKlass::initialize_impl(JavaThread*)+0x412
V  [libjvm.so+0xaf5320]  InstanceKlass::initialize(JavaThread*)+0x40
V  [libjvm.so+0x12ca8b9]  initialize_class(Symbol*, JavaThread*)+0x5e
V  [libjvm.so+0x12d0721]  Threads::initialize_java_lang_classes(JavaThread*, JavaThread*)+0x30b
V  [libjvm.so+0x12d1137]  Threads::create_vm(JavaVMInitArgs*, bool*)+0x5a7
V  [libjvm.so+0xbf4233]  JNI_CreateJavaVM_inner(JavaVM_**, void**, void*)+0xda
V  [libjvm.so+0xbf4569]  JNI_CreateJavaVM+0x32
C  [libjli.so+0x7446]  InitializeJVM+0x13a
C  [libjli.so+0x3fc0]  JavaMain+0xdc
C  [libjli.so+0xad7e]  ThreadJavaMain+0x27

Java frames: (J=compiled Java code, j=interpreted, Vv=VM code)
j  jdk.internal.misc.Unsafe.registerNatives()V+0 java.base
j  jdk.internal.misc.Unsafe.<clinit>()V+0 java.base
v  ~StubRoutines::call_stub
j  java.util.concurrent.ConcurrentHashMap.<clinit>()V+64 java.base
v  ~StubRoutines::call_stub
j  java.lang.invoke.MethodHandles$Lookup.<clinit>()V+67 java.base
v  ~StubRoutines::call_stub
j  java.lang.invoke.MethodHandles.lookup()Ljava/lang/invoke/MethodHandles$Lookup;+0 java.base
j  jdk.internal.access.SharedSecrets.<clinit>()V+0 java.base
v  ~StubRoutines::call_stub
j  java.lang.reflect.AccessibleObject.<clinit>()V+7 java.base
v  ~StubRoutines::call_stub
Register to memory mapping:

RAX=0x00007feb099e9000 points into unknown readable memory: 0x0000000000000058 | 58 00 00 00 00 00 00 00
RBX={method} {0x00007feadccc5df8} 'registerNatives' '()V' in 'jdk/internal/misc/Unsafe'
RCX=0x0 is NULL
RDX=0x0 is NULL
RSP=0x00007feb099d0050 is pointing into the stack for thread: 0x00007feb00029af0
RBP=0x00007feb099d00c0 is pointing into the stack for thread: 0x00007feb00029af0
RSI=0x000055f00706fa60 points into unknown readable memory: 0x0000000000000002 | 02 00 00 00 00 00 00 00
RDI=0x00007feb00029af0 is a thread
R8 =0x000055f00706fa60 points into unknown readable memory: 0x0000000000000002 | 02 00 00 00 00 00 00 00
R9 =0x00007feb08aff010: <offset 0x0000000000155010> in /lib64/libc.so.6 at 0x00007feb089aa000
R10=0x2f65726168732f74 is an unknown value
R11=0x00007feb08b37f90: <offset 0x000000000018df90> in /lib64/libc.so.6 at 0x00007feb089aa000
R12=0x0 is NULL
R13={method} {0x00007feadccc5df8} 'registerNatives' '()V' in 'jdk/internal/misc/Unsafe'
R14=0x00007feb099d0130 is pointing into the stack for thread: 0x00007feb00029af0
R15=0x00007feb00029af0 is a thread


Registers:
RAX=0x00007feb099e9000, RBX=0x00007feadccc5df8, RCX=0x0000000000000000, RDX=0x0000000000000000
RSP=0x00007feb099d0050, RBP=0x00007feb099d00c0, RSI=0x000055f00706fa60, RDI=0x00007feb00029af0
R8 =0x000055f00706fa60, R9 =0x00007feb08aff010, R10=0x2f65726168732f74, R11=0x00007feb08b37f90
R12=0x0000000000000000, R13=0x00007feadccc5df8, R14=0x00007feb099d0130, R15=0x00007feb00029af0
RIP=0x00007feb07584a7d, EFLAGS=0x0000000000010286, CSGSFS=0x0000000000000033, ERR=0x0000000000000006
  TRAPNO=0x000000000000000e

Top of Stack: (sp=0x00007feb099d0050)
0x00007feb099d0050:   00007feb099d0128 00007feb00029de8
0x00007feb099d0060:   00007feb08660188 ffffffff00029af0
0x00007feb099d0070:   00007feb00029af0 00007feb00029af0
0x00007feb099d0080:   00007feb0865acd8 00007feb00029af0 

Instructions: (pc=0x00007feb07584a7d)
0x00007feb0758497d:   00 00 00 00 eb 2c 48 8b 45 90 48 89 c7 e8 a5 7e
0x00007feb0758498d:   44 ff 48 89 45 b8 48 8b 45 b8 48 89 c7 e8 af 99
0x00007feb0758499d:   ff ff 84 c0 74 07 bb 01 00 00 00 eb 05 bb 00 00
0x00007feb075849ad:   00 00 48 8d 45 c0 48 89 c7 e8 c9 e8 30 ff 48 8d
0x00007feb075849bd:   45 a7 48 89 c7 e8 6d ca 7f ff 48 8d 45 d0 48 89
0x00007feb075849cd:   c7 e8 ef ea 30 ff 89 d8 48 83 c4 68 5b 5d c3 55
0x00007feb075849dd:   48 89 e5 48 83 ec 70 48 89 7d 98 48 89 75 90 48
0x00007feb075849ed:   8b 45 98 48 89 c7 e8 3e 69 65 ff 48 89 45 b0 48
0x00007feb075849fd:   8b 55 b0 48 8d 45 e0 48 89 d6 48 89 c7 e8 5d ea
0x00007feb07584a0d:   30 ff 48 8d 45 ab 48 89 c7 e8 f7 c9 7f ff 48 8b
0x00007feb07584a1d:   55 b0 48 8d 45 c0 48 89 d6 48 89 c7 e8 04 e8 30
0x00007feb07584a2d:   ff 48 8b 45 b0 48 89 45 b8 e8 55 cd cf ff 48 8b
0x00007feb07584a3d:   55 b0 48 8d 45 d0 48 89 d6 48 89 c7 e8 4a 38 49
0x00007feb07584a4d:   ff 48 8b 75 90 48 8b 45 98 b9 49 00 00 00 48 8d
0x00007feb07584a5d:   15 de 79 15 01 48 89 c7 e8 6c 56 86 ff 89 45 ac
0x00007feb07584a6d:   83 7d ac 00 74 36 48 8d 05 ee cf 13 01 48 8b 00
0x00007feb07584a7d:   c6 00 58 48 8d 0d d9 98 84 00 48 8d 15 fc 98 84
0x00007feb07584a8d:   00 be 29 04 00 00 48 8d 3d 76 8a 84 00 b8 00 00
0x00007feb07584a9d:   00 00 e8 fe de 53 ff e8 b1 f2 ce ff 48 8d 45 d0
0x00007feb07584aad:   48 89 c7 e8 bb 38 49 ff 48 8d 45 c0 48 89 c7 e8
0x00007feb07584abd:   c3 e7 30 ff 48 8d 45 ab 48 89 c7 e8 67 c9 7f ff
0x00007feb07584acd:   48 8d 45 e0 48 89 c7 e8 e9 e9 30 ff 90 c9 c3 55
0x00007feb07584add:   48 89 e5 90 5d c3 55 48 89 e5 90 5d c3 55 48 89
0x00007feb07584aed:   e5 90 5d c3 55 48 89 e5 90 5d c3 55 48 89 e5 90
0x00007feb07584afd:   5d c3 55 48 89 e5 90 5d c3 55 48 89 e5 90 5d c3
0x00007feb07584b0d:   55 48 89 e5 90 5d c3 55 48 89 e5 90 5d c3 55 48
0x00007feb07584b1d:   89 e5 90 5d c3 55 48 89 e5 90 5d c3 55 48 89 e5
0x00007feb07584b2d:   90 5d c3 55 48 89 e5 90 5d c3 55 48 89 e5 90 5d
0x00007feb07584b3d:   c3 55 48 89 e5 90 5d c3 55 48 89 e5 90 5d c3 55
0x00007feb07584b4d:   48 89 e5 90 5d c3 55 48 89 e5 90 5d c3 55 48 89
0x00007feb07584b5d:   e5 90 5d c3 55 48 89 e5 90 5d c3 55 48 89 e5 90
0x00007feb07584b6d:   5d c3 55 48 89 e5 90 5d c3 55 48 89 e5 90 5d c3 


Stack slot to memory mapping:
stack at sp + 0 slots: 0x00007feb099d0128 is pointing into the stack for thread: 0x00007feb00029af0
stack at sp + 1 slots: 0x00007feb00029de8 points into unknown readable memory: 0x00007feb086c4760 | 60 47 6c 08 eb 7f 00 00
stack at sp + 2 slots: 0x00007feb08660188: <offset 0x00000000023ea188> in /home1/public/mariach/TeraHeap/teraheap/jdk17/build/linux-x86_64-server-slowdebug/jdk/lib/server/libjvm.so at 0x00007feb06276000
stack at sp + 3 slots: 0xffffffff00029af0 is an unknown value
stack at sp + 4 slots: 0x00007feb00029af0 is a thread
stack at sp + 5 slots: 0x00007feb00029af0 is a thread
stack at sp + 6 slots: 0x00007feb0865acd8: <offset 0x00000000023e4cd8> in /home1/public/mariach/TeraHeap/teraheap/jdk17/build/linux-x86_64-server-slowdebug/jdk/lib/server/libjvm.so at 0x00007feb06276000
stack at sp + 7 slots: 0x00007feb00029af0 is a thread


---------------  P R O C E S S  ---------------

uid  : 50934 euid : 50934 gid  : 100 egid : 100

umask: 0022 (----w--w-)

Threads class SMR info:
_java_thread_list=0x00007feb002a4e00, length=1, elements={
0x00007feb00029af0
}
_java_thread_list_alloc_cnt=2, _java_thread_list_free_cnt=0, _java_thread_list_max=1, _nested_thread_list_max=0
_tlh_cnt=23, _tlh_times=0, avg_tlh_time=0.00, _tlh_time_max=0
_delete_lock_wait_cnt=0, _delete_lock_wait_max=0
_to_delete_list_cnt=0, _to_delete_list_max=0

Java Threads: ( => current thread )
=>0x00007feb00029af0 JavaThread "main" [_thread_in_native, id=19946, stack(0x00007feb098d3000,0x00007feb099d4000)]

Other Threads:
  0x00007feb002ad4b0 VMThread "VM Thread" [stack: 0x00007feadc832000,0x00007feadc932000] [id=19954]
  0x00007feb00071500 GCTaskThread "GC Thread#0" [stack: 0x00007feaed0a0000,0x00007feaed1a0000] [id=19947]
  0x00007feb00082d60 ConcurrentGCThread "G1 Main Marker" [stack: 0x00007feaecf9e000,0x00007feaed09e000] [id=19948]
  0x00007feb000842c0 ConcurrentGCThread "G1 Conc#0" [stack: 0x00007feaece9c000,0x00007feaecf9c000] [id=19949]
  0x00007feb00148120 ConcurrentGCThread "G1 Refine#0" [stack: 0x00007feadd5f7000,0x00007feadd6f7000] [id=19952]
  0x00007feb00149550 ConcurrentGCThread "G1 Service" [stack: 0x00007feadd4f5000,0x00007feadd5f5000] [id=19953]

Threads with active compile tasks:

VM state: not at safepoint (normal execution)

VM Mutex/Monitor currently owned by a thread: None

Heap address: 0x000000009c000000, size: 1600 MB, Compressed Oops mode: 32-bit

CDS archive(s) not mapped
Compressed class space mapped at: 0x0000000100000000-0x0000000140000000, reserved size: 1073741824
Narrow klass base: 0x0000000000000000, Narrow klass shift: 3, Narrow klass range: 0x140000000

GC Precious Log:
 CPUs: 32 total, 32 available
 Memory: 251G
 Large Page Support: Disabled
 NUMA Support: Disabled
 Compressed Oops: Enabled (32-bit)
 Heap Region Size: 1M
 Heap Min Capacity: 64M
 Heap Initial Capacity: 64M
 Heap Max Capacity: 1600M
 Pre-touch: Disabled
 Parallel Workers: 23
 Concurrent Workers: 6
 Concurrent Refinement Workers: 23
 Periodic GC: Disabled

Heap:
 garbage-first heap   total 65536K, used 0K [0x000000009c000000, 0x0000000100000000)
  region size 1024K, 1 young (1024K), 0 survivors (0K)
 Metaspace       used 1945K, committed 2048K, reserved 1056768K
  class space    used 146K, committed 192K, reserved 1048576K

Heap Regions: E=young(eden), S=young(survivor), O=old, HS=humongous(starts), HC=humongous(continues), CS=collection set, F=free, OA=open archive, CA=closed archive, TAMS=top-at-mark-start (previous, next)
|   0|0x000000009c000000, 0x000000009c000000, 0x000000009c100000|  0%| F|  |TAMS 0x000000009c000000, 0x000000009c000000| Untracked 
|   1|0x000000009c100000, 0x000000009c100000, 0x000000009c200000|  0%| F|  |TAMS 0x000000009c100000, 0x000000009c100000| Untracked 
|   2|0x000000009c200000, 0x000000009c200000, 0x000000009c300000|  0%| F|  |TAMS 0x000000009c200000, 0x000000009c200000| Untracked 
|   3|0x000000009c300000, 0x000000009c300000, 0x000000009c400000|  0%| F|  |TAMS 0x000000009c300000, 0x000000009c300000| Untracked 
|   4|0x000000009c400000, 0x000000009c400000, 0x000000009c500000|  0%| F|  |TAMS 0x000000009c400000, 0x000000009c400000| Untracked 
|   5|0x000000009c500000, 0x000000009c500000, 0x000000009c600000|  0%| F|  |TAMS 0x000000009c500000, 0x000000009c500000| Untracked 
|   6|0x000000009c600000, 0x000000009c600000, 0x000000009c700000|  0%| F|  |TAMS 0x000000009c600000, 0x000000009c600000| Untracked 
|   7|0x000000009c700000, 0x000000009c700000, 0x000000009c800000|  0%| F|  |TAMS 0x000000009c700000, 0x000000009c700000| Untracked 
|   8|0x000000009c800000, 0x000000009c800000, 0x000000009c900000|  0%| F|  |TAMS 0x000000009c800000, 0x000000009c800000| Untracked 
|   9|0x000000009c900000, 0x000000009c900000, 0x000000009ca00000|  0%| F|  |TAMS 0x000000009c900000, 0x000000009c900000| Untracked 
|  10|0x000000009ca00000, 0x000000009ca00000, 0x000000009cb00000|  0%| F|  |TAMS 0x000000009ca00000, 0x000000009ca00000| Untracked 
|  11|0x000000009cb00000, 0x000000009cb00000, 0x000000009cc00000|  0%| F|  |TAMS 0x000000009cb00000, 0x000000009cb00000| Untracked 
|  12|0x000000009cc00000, 0x000000009cc00000, 0x000000009cd00000|  0%| F|  |TAMS 0x000000009cc00000, 0x000000009cc00000| Untracked 
|  13|0x000000009cd00000, 0x000000009cd00000, 0x000000009ce00000|  0%| F|  |TAMS 0x000000009cd00000, 0x000000009cd00000| Untracked 
|  14|0x000000009ce00000, 0x000000009ce00000, 0x000000009cf00000|  0%| F|  |TAMS 0x000000009ce00000, 0x000000009ce00000| Untracked 
|  15|0x000000009cf00000, 0x000000009cf00000, 0x000000009d000000|  0%| F|  |TAMS 0x000000009cf00000, 0x000000009cf00000| Untracked 
|  16|0x000000009d000000, 0x000000009d000000, 0x000000009d100000|  0%| F|  |TAMS 0x000000009d000000, 0x000000009d000000| Untracked 
|  17|0x000000009d100000, 0x000000009d100000, 0x000000009d200000|  0%| F|  |TAMS 0x000000009d100000, 0x000000009d100000| Untracked 
|  18|0x000000009d200000, 0x000000009d200000, 0x000000009d300000|  0%| F|  |TAMS 0x000000009d200000, 0x000000009d200000| Untracked 
|  19|0x000000009d300000, 0x000000009d300000, 0x000000009d400000|  0%| F|  |TAMS 0x000000009d300000, 0x000000009d300000| Untracked 
|  20|0x000000009d400000, 0x000000009d400000, 0x000000009d500000|  0%| F|  |TAMS 0x000000009d400000, 0x000000009d400000| Untracked 
|  21|0x000000009d500000, 0x000000009d500000, 0x000000009d600000|  0%| F|  |TAMS 0x000000009d500000, 0x000000009d500000| Untracked 
|  22|0x000000009d600000, 0x000000009d600000, 0x000000009d700000|  0%| F|  |TAMS 0x000000009d600000, 0x000000009d600000| Untracked 
|  23|0x000000009d700000, 0x000000009d700000, 0x000000009d800000|  0%| F|  |TAMS 0x000000009d700000, 0x000000009d700000| Untracked 
|  24|0x000000009d800000, 0x000000009d800000, 0x000000009d900000|  0%| F|  |TAMS 0x000000009d800000, 0x000000009d800000| Untracked 
|  25|0x000000009d900000, 0x000000009d900000, 0x000000009da00000|  0%| F|  |TAMS 0x000000009d900000, 0x000000009d900000| Untracked 
|  26|0x000000009da00000, 0x000000009da00000, 0x000000009db00000|  0%| F|  |TAMS 0x000000009da00000, 0x000000009da00000| Untracked 
|  27|0x000000009db00000, 0x000000009db00000, 0x000000009dc00000|  0%| F|  |TAMS 0x000000009db00000, 0x000000009db00000| Untracked 
|  28|0x000000009dc00000, 0x000000009dc00000, 0x000000009dd00000|  0%| F|  |TAMS 0x000000009dc00000, 0x000000009dc00000| Untracked 
|  29|0x000000009dd00000, 0x000000009dd00000, 0x000000009de00000|  0%| F|  |TAMS 0x000000009dd00000, 0x000000009dd00000| Untracked 
|  30|0x000000009de00000, 0x000000009de00000, 0x000000009df00000|  0%| F|  |TAMS 0x000000009de00000, 0x000000009de00000| Untracked 
|  31|0x000000009df00000, 0x000000009df00000, 0x000000009e000000|  0%| F|  |TAMS 0x000000009df00000, 0x000000009df00000| Untracked 
|  32|0x000000009e000000, 0x000000009e000000, 0x000000009e100000|  0%| F|  |TAMS 0x000000009e000000, 0x000000009e000000| Untracked 
|  33|0x000000009e100000, 0x000000009e100000, 0x000000009e200000|  0%| F|  |TAMS 0x000000009e100000, 0x000000009e100000| Untracked 
|  34|0x000000009e200000, 0x000000009e200000, 0x000000009e300000|  0%| F|  |TAMS 0x000000009e200000, 0x000000009e200000| Untracked 
|  35|0x000000009e300000, 0x000000009e300000, 0x000000009e400000|  0%| F|  |TAMS 0x000000009e300000, 0x000000009e300000| Untracked 
|  36|0x000000009e400000, 0x000000009e400000, 0x000000009e500000|  0%| F|  |TAMS 0x000000009e400000, 0x000000009e400000| Untracked 
|  37|0x000000009e500000, 0x000000009e500000, 0x000000009e600000|  0%| F|  |TAMS 0x000000009e500000, 0x000000009e500000| Untracked 
|  38|0x000000009e600000, 0x000000009e600000, 0x000000009e700000|  0%| F|  |TAMS 0x000000009e600000, 0x000000009e600000| Untracked 
|  39|0x000000009e700000, 0x000000009e700000, 0x000000009e800000|  0%| F|  |TAMS 0x000000009e700000, 0x000000009e700000| Untracked 
|  40|0x000000009e800000, 0x000000009e800000, 0x000000009e900000|  0%| F|  |TAMS 0x000000009e800000, 0x000000009e800000| Untracked 
|  41|0x000000009e900000, 0x000000009e900000, 0x000000009ea00000|  0%| F|  |TAMS 0x000000009e900000, 0x000000009e900000| Untracked 
|  42|0x000000009ea00000, 0x000000009ea00000, 0x000000009eb00000|  0%| F|  |TAMS 0x000000009ea00000, 0x000000009ea00000| Untracked 
|  43|0x000000009eb00000, 0x000000009eb00000, 0x000000009ec00000|  0%| F|  |TAMS 0x000000009eb00000, 0x000000009eb00000| Untracked 
|  44|0x000000009ec00000, 0x000000009ec00000, 0x000000009ed00000|  0%| F|  |TAMS 0x000000009ec00000, 0x000000009ec00000| Untracked 
|  45|0x000000009ed00000, 0x000000009ed00000, 0x000000009ee00000|  0%| F|  |TAMS 0x000000009ed00000, 0x000000009ed00000| Untracked 
|  46|0x000000009ee00000, 0x000000009ee00000, 0x000000009ef00000|  0%| F|  |TAMS 0x000000009ee00000, 0x000000009ee00000| Untracked 
|  47|0x000000009ef00000, 0x000000009ef00000, 0x000000009f000000|  0%| F|  |TAMS 0x000000009ef00000, 0x000000009ef00000| Untracked 
|  48|0x000000009f000000, 0x000000009f000000, 0x000000009f100000|  0%| F|  |TAMS 0x000000009f000000, 0x000000009f000000| Untracked 
|  49|0x000000009f100000, 0x000000009f100000, 0x000000009f200000|  0%| F|  |TAMS 0x000000009f100000, 0x000000009f100000| Untracked 
|  50|0x000000009f200000, 0x000000009f200000, 0x000000009f300000|  0%| F|  |TAMS 0x000000009f200000, 0x000000009f200000| Untracked 
|  51|0x000000009f300000, 0x000000009f300000, 0x000000009f400000|  0%| F|  |TAMS 0x000000009f300000, 0x000000009f300000| Untracked 
|  52|0x000000009f400000, 0x000000009f400000, 0x000000009f500000|  0%| F|  |TAMS 0x000000009f400000, 0x000000009f400000| Untracked 
|  53|0x000000009f500000, 0x000000009f500000, 0x000000009f600000|  0%| F|  |TAMS 0x000000009f500000, 0x000000009f500000| Untracked 
|  54|0x000000009f600000, 0x000000009f600000, 0x000000009f700000|  0%| F|  |TAMS 0x000000009f600000, 0x000000009f600000| Untracked 
|  55|0x000000009f700000, 0x000000009f700000, 0x000000009f800000|  0%| F|  |TAMS 0x000000009f700000, 0x000000009f700000| Untracked 
|  56|0x000000009f800000, 0x000000009f800000, 0x000000009f900000|  0%| F|  |TAMS 0x000000009f800000, 0x000000009f800000| Untracked 
|  57|0x000000009f900000, 0x000000009f900000, 0x000000009fa00000|  0%| F|  |TAMS 0x000000009f900000, 0x000000009f900000| Untracked 
|  58|0x000000009fa00000, 0x000000009fa00000, 0x000000009fb00000|  0%| F|  |TAMS 0x000000009fa00000, 0x000000009fa00000| Untracked 
|  59|0x000000009fb00000, 0x000000009fb00000, 0x000000009fc00000|  0%| F|  |TAMS 0x000000009fb00000, 0x000000009fb00000| Untracked 
|  60|0x000000009fc00000, 0x000000009fc00000, 0x000000009fd00000|  0%| F|  |TAMS 0x000000009fc00000, 0x000000009fc00000| Untracked 
|  61|0x000000009fd00000, 0x000000009fd00000, 0x000000009fe00000|  0%| F|  |TAMS 0x000000009fd00000, 0x000000009fd00000| Untracked 
|  62|0x000000009fe00000, 0x000000009fe00000, 0x000000009ff00000|  0%| F|  |TAMS 0x000000009fe00000, 0x000000009fe00000| Untracked 
|  63|0x000000009ff00000, 0x000000009ff75ca0, 0x00000000a0000000| 46%| E|  |TAMS 0x000000009ff00000, 0x000000009ff00000| Complete 

Card table byte_map: [0x00007feaf07be000,0x00007feaf0ade000] _byte_map_base: 0x00007feaf02de000

Marking Bits (Prev, Next): (CMBitMap*) 0x00007feb00072408, (CMBitMap*) 0x00007feb00072448
 Prev Bits: [0x00007feaeeb9e000, 0x00007feaf049e000)
 Next Bits: [0x00007feaed29e000, 0x00007feaeeb9e000)

Polling page: 0x00007feb099e7000

Metaspace:

Usage:
  Non-class:      1.76 MB used.
      Class:    146.17 KB used.
       Both:      1.90 MB used.

Virtual space:
  Non-class space:        8.00 MB reserved,       1.81 MB ( 23%) committed,  1 nodes.
      Class space:        1.00 GB reserved,     192.00 KB ( <1%) committed,  1 nodes.
             Both:        1.01 GB reserved,       2.00 MB ( <1%) committed. 

Chunk freelists:
   Non-Class:  0 bytes
       Class:  3.75 MB
        Both:  3.75 MB

MaxMetaspaceSize: unlimited
CompressedClassSpaceSize: 1.00 GB
Initial GC threshold: 21.00 MB
Current GC threshold: 17179869184.00 GB
CDS: off
MetaspaceReclaimPolicy: balanced
 - commit_granule_bytes: 65536.
 - commit_granule_words: 8192.
 - virtual_space_node_default_size: 1048576.
 - enlarge_chunks_in_place: 1.
 - new_chunks_are_fully_committed: 0.
 - uncommit_free_chunks: 1.
 - use_allocation_guard: 0.
 - handle_deallocations: 1.


Internal statistics:

num_allocs: 12192.
num_deallocs: 4.
num_allocs_from_deallocated_blocks: 8.
num_chunks_retired: 0.
num_allocs_failed_limit: 0.
num_arena_births: 2.
num_arena_deaths: 0.
num_vsnodes_births: 2.
num_vsnodes_deaths: 0.
num_space_committed: 32.
num_space_uncommitted: 0.
num_chunks_returned_to_freelist: 0.
num_chunks_taken_from_freelist: 3.
num_chunk_merges: 0.
num_chunk_splits: 1.
num_chunks_enlarged: 0.
num_purges: 0.
num_inconsistent_stats: 0.

CodeHeap 'non-profiled nmethods': size=118880Kb used=0Kb max_used=0Kb free=118880Kb
 bounds [0x00007feaf8be8000, 0x00007feaf8e58000, 0x00007feb00000000]
CodeHeap 'profiled nmethods': size=118876Kb used=0Kb max_used=0Kb free=118876Kb
 bounds [0x00007feaf17d1000, 0x00007feaf1a41000, 0x00007feaf8be8000]
CodeHeap 'non-nmethods': size=8004Kb used=731Kb max_used=1139Kb free=7272Kb
 bounds [0x00007feaf1000000, 0x00007feaf1270000, 0x00007feaf17d1000]
 total_blobs=530 nmethods=0 adapters=504
 compilation: enabled
              stopped_count=0, restarted_count=0
 full_count=0

Compilation events (0 events):
No events

GC Heap History (0 events):
No events

Deoptimization events (0 events):
No events

Classes unloaded (0 events):
No events

Classes redefined (0 events):
No events

Internal exceptions (1 events):
Event: 0.572 Thread 0x00007feb00029af0 Exception <a 'java/lang/NoSuchMethodError'{0x000000009ff0ccf0}: Method jdk.internal.misc.Unsafe.is_in_h2(Ljava/lang/Object;JJ)Z not found> (0x000000009ff0ccf0) 
thrown [/home1/public/mariach/TeraHeap/teraheap/jdk17/src/hotspot/share/prims/jni.cpp, line 2665]

VM Operations (0 events):
No events

Events (20 events):
Event: 0.552 loading class java/lang/Runtime
Event: 0.553 loading class java/lang/Runtime done
Event: 0.554 loading class java/util/concurrent/ConcurrentHashMap$Segment
Event: 0.555 loading class java/util/concurrent/locks/ReentrantLock
Event: 0.557 loading class java/util/concurrent/locks/Lock
Event: 0.558 loading class java/util/concurrent/locks/Lock done
Event: 0.558 loading class java/util/concurrent/locks/ReentrantLock done
Event: 0.558 loading class java/util/concurrent/ConcurrentHashMap$Segment done
Event: 0.559 loading class java/lang/NoSuchMethodError
Event: 0.560 loading class java/lang/IncompatibleClassChangeError
Event: 0.561 loading class java/lang/IncompatibleClassChangeError done
Event: 0.561 loading class java/lang/NoSuchMethodError done
Event: 0.561 loading class java/util/Collections
Event: 0.565 loading class java/util/Collections done
Event: 0.565 loading class java/util/Collections$EmptySet
Event: 0.567 loading class java/util/Collections$EmptySet done
Event: 0.567 loading class java/util/Collections$EmptyList
Event: 0.569 loading class java/util/Collections$EmptyList done
Event: 0.570 loading class java/util/Collections$EmptyMap
Event: 0.571 loading class java/util/Collections$EmptyMap done


Dynamic libraries:
9c000000-a0000000 rw-p 00000000 00:00 0 
a0000000-100040000 ---p 00000000 00:00 0 
100040000-100070000 rw-p 00000000 00:00 0 
100070000-140000000 ---p 00000000 00:00 0 
55f00542d000-55f00542f000 r-xp 00000000 00:29 12641547476663569418       /home1/public/mariach/TeraHeap/teraheap/jdk17/build/linux-x86_64-server-slowdebug/jdk/bin/java
55f00562e000-55f00562f000 r--p 00001000 00:29 12641547476663569418       /home1/public/mariach/TeraHeap/teraheap/jdk17/build/linux-x86_64-server-slowdebug/jdk/bin/java
55f00562f000-55f005630000 rw-p 00002000 00:29 12641547476663569418       /home1/public/mariach/TeraHeap/teraheap/jdk17/build/linux-x86_64-server-slowdebug/jdk/bin/java
55f00704d000-55f007090000 rw-p 00000000 00:00 0                          [heap]
7feacf547000-7fead0000000 rw-p 00000000 00:00 0 
7fead0000000-7fead0021000 rw-p 00000000 00:00 0 
7fead0021000-7fead4000000 ---p 00000000 00:00 0 
7fead4000000-7fead4021000 rw-p 00000000 00:00 0 
7fead4021000-7fead8000000 ---p 00000000 00:00 0 
7fead8000000-7fead8021000 rw-p 00000000 00:00 0 
7fead8021000-7feadc000000 ---p 00000000 00:00 0 
7feadc195000-7feadc830000 rw-p 00000000 00:00 0 
7feadc830000-7feadc831000 ---p 00000000 00:00 0 
7feadc831000-7feadc932000 rw-p 00000000 00:00 0 
7feadc932000-7feadc9ff000 r-xp 00000000 00:29 12001947711443189664       /home1/public/mariach/TeraHeap/teraheap/jdk17/build/linux-x86_64-server-slowdebug/jdk/lib/libsvml.so
7feadc9ff000-7feadcbfe000 ---p 000cd000 00:29 12001947711443189664       /home1/public/mariach/TeraHeap/teraheap/jdk17/build/linux-x86_64-server-slowdebug/jdk/lib/libsvml.so
7feadcbfe000-7feadcbff000 r--p 000cc000 00:29 12001947711443189664       /home1/public/mariach/TeraHeap/teraheap/jdk17/build/linux-x86_64-server-slowdebug/jdk/lib/libsvml.so
7feadcbff000-7feadcc00000 rw-p 000cd000 00:29 12001947711443189664       /home1/public/mariach/TeraHeap/teraheap/jdk17/build/linux-x86_64-server-slowdebug/jdk/lib/libsvml.so
7feadcc00000-7feadcdd0000 rw-p 00000000 00:00 0 
7feadcdd0000-7feadd400000 ---p 00000000 00:00 0 
7feadd4f3000-7feadd4f4000 ---p 00000000 00:00 0 
7feadd4f4000-7feadd5f5000 rw-p 00000000 00:00 0 
7feadd5f5000-7feadd5f6000 ---p 00000000 00:00 0 
7feadd5f6000-7feae0000000 rw-p 00000000 00:00 0 
7feae0000000-7feae0021000 rw-p 00000000 00:00 0 
7feae0021000-7feae4000000 ---p 00000000 00:00 0 
7feae4000000-7feae4021000 rw-p 00000000 00:00 0 
7feae4021000-7feae8000000 ---p 00000000 00:00 0 
7feae8000000-7feae8021000 rw-p 00000000 00:00 0 
7feae8021000-7feaec000000 ---p 00000000 00:00 0 
7feaec00b000-7feaece9a000 rw-p 00000000 00:00 0 
7feaece9a000-7feaece9b000 ---p 00000000 00:00 0 
7feaece9b000-7feaecf9c000 rw-p 00000000 00:00 0 
7feaecf9c000-7feaecf9d000 ---p 00000000 00:00 0 
7feaecf9d000-7feaed09e000 rw-p 00000000 00:00 0 
7feaed09e000-7feaed09f000 ---p 00000000 00:00 0 
7feaed09f000-7feaed39e000 rw-p 00000000 00:00 0 
7feaed39e000-7feaeeb9e000 ---p 00000000 00:00 0 
7feaeeb9e000-7feaeec9e000 rw-p 00000000 00:00 0 
7feaeec9e000-7feaf049e000 ---p 00000000 00:00 0 
7feaf049e000-7feaf04be000 rw-p 00000000 00:00 0 
7feaf04be000-7feaf07be000 ---p 00000000 00:00 0 
7feaf07be000-7feaf07de000 rw-p 00000000 00:00 0 
7feaf07de000-7feaf0ade000 ---p 00000000 00:00 0 
7feaf0ade000-7feaf0afe000 rw-p 00000000 00:00 0 
7feaf0afe000-7feaf0dfe000 ---p 00000000 00:00 0 
7feaf0dfe000-7feaf1000000 rw-p 00000000 00:00 0 
7feaf1000000-7feaf1270000 rwxp 00000000 00:00 0 
7feaf1270000-7feaf17d1000 ---p 00000000 00:00 0 
7feaf17d1000-7feaf1a41000 rwxp 00000000 00:00 0 
7feaf1a41000-7feaf8be8000 ---p 00000000 00:00 0 
7feaf8be8000-7feaf8e58000 rwxp 00000000 00:00 0 
7feaf8e58000-7feb00000000 ---p 00000000 00:00 0 
7feb00000000-7feb00304000 rw-p 00000000 00:00 0 
7feb00304000-7feb04000000 ---p 00000000 00:00 0 
7feb0401c000-7feb05536000 rw-p 00000000 00:00 0 
7feb05536000-7feb0561a000 ---p 00000000 00:00 0 
7feb0561a000-7feb0561f000 rw-p 00000000 00:00 0 
7feb0561f000-7feb05703000 ---p 00000000 00:00 0 
7feb05703000-7feb05730000 r-xp 00000000 00:29 11549945039273160115       /home1/public/mariach/TeraHeap/teraheap/jdk17/build/linux-x86_64-server-slowdebug/jdk/lib/libjava.so
7feb05730000-7feb0592f000 ---p 0002d000 00:29 11549945039273160115       /home1/public/mariach/TeraHeap/teraheap/jdk17/build/linux-x86_64-server-slowdebug/jdk/lib/libjava.so
7feb0592f000-7feb05930000 r--p 0002c000 00:29 11549945039273160115       /home1/public/mariach/TeraHeap/teraheap/jdk17/build/linux-x86_64-server-slowdebug/jdk/lib/libjava.so
7feb05930000-7feb05931000 rw-p 0002d000 00:29 11549945039273160115       /home1/public/mariach/TeraHeap/teraheap/jdk17/build/linux-x86_64-server-slowdebug/jdk/lib/libjava.so
7feb05931000-7feb05932000 rw-p 00000000 00:00 0 
7feb05932000-7feb0593e000 r-xp 00000000 08:02 1056908                    /usr/lib64/libnss_ldap.so.2
7feb0593e000-7feb05b3d000 ---p 0000c000 08:02 1056908                    /usr/lib64/libnss_ldap.so.2
7feb05b3d000-7feb05b3e000 r--p 0000b000 08:02 1056908                    /usr/lib64/libnss_ldap.so.2
7feb05b3e000-7feb05b3f000 rw-p 0000c000 08:02 1056908                    /usr/lib64/libnss_ldap.so.2
7feb05b3f000-7feb05b4b000 r-xp 00000000 08:02 1055588                    /usr/lib64/libnss_files-2.17.so
7feb05b4b000-7feb05d4a000 ---p 0000c000 08:02 1055588                    /usr/lib64/libnss_files-2.17.so
7feb05d4a000-7feb05d4b000 r--p 0000b000 08:02 1055588                    /usr/lib64/libnss_files-2.17.so
7feb05d4b000-7feb05d4c000 rw-p 0000c000 08:02 1055588                    /usr/lib64/libnss_files-2.17.so
7feb05d4c000-7feb05d52000 rw-p 00000000 00:00 0 
7feb05d52000-7feb05d72000 r-xp 00000000 00:29 13037760171917701567       /home1/public/mariach/TeraHeap/teraheap/jdk17/build/linux-x86_64-server-slowdebug/jdk/lib/libjimage.so
7feb05d72000-7feb05f71000 ---p 00020000 00:29 13037760171917701567       /home1/public/mariach/TeraHeap/teraheap/jdk17/build/linux-x86_64-server-slowdebug/jdk/lib/libjimage.so
7feb05f71000-7feb05f73000 r--p 0001f000 00:29 13037760171917701567       /home1/public/mariach/TeraHeap/teraheap/jdk17/build/linux-x86_64-server-slowdebug/jdk/lib/libjimage.so
7feb05f73000-7feb05f74000 rw-p 00021000 00:29 13037760171917701567       /home1/public/mariach/TeraHeap/teraheap/jdk17/build/linux-x86_64-server-slowdebug/jdk/lib/libjimage.so
7feb05f74000-7feb06075000 r-xp 00000000 08:02 1055805                    /usr/lib64/libm-2.17.so
7feb06075000-7feb06274000 ---p 00101000 08:02 1055805                    /usr/lib64/libm-2.17.so
7feb06274000-7feb06275000 r--p 00100000 08:02 1055805                    /usr/lib64/libm-2.17.so
7feb06275000-7feb06276000 rw-p 00101000 08:02 1055805                    /usr/lib64/libm-2.17.so
7feb06276000-7feb083c0000 r-xp 00000000 00:29 12404606758033905398       /home1/public/mariach/TeraHeap/teraheap/jdk17/build/linux-x86_64-server-slowdebug/jdk/lib/server/libjvm.so
7feb083c0000-7feb085bf000 ---p 0214a000 00:29 12404606758033905398       /home1/public/mariach/TeraHeap/teraheap/jdk17/build/linux-x86_64-server-slowdebug/jdk/lib/server/libjvm.so
7feb085bf000-7feb086bd000 r--p 02149000 00:29 12404606758033905398       /home1/public/mariach/TeraHeap/teraheap/jdk17/build/linux-x86_64-server-slowdebug/jdk/lib/server/libjvm.so
7feb086bd000-7feb086f6000 rw-p 02247000 00:29 12404606758033905398       /home1/public/mariach/TeraHeap/teraheap/jdk17/build/linux-x86_64-server-slowdebug/jdk/lib/server/libjvm.so
7feb086f6000-7feb087a2000 rw-p 00000000 00:00 0 
7feb087a2000-7feb087a9000 r-xp 00000000 08:02 1055568                    /usr/lib64/librt-2.17.so
7feb087a9000-7feb089a8000 ---p 00007000 08:02 1055568                    /usr/lib64/librt-2.17.so
7feb089a8000-7feb089a9000 r--p 00006000 08:02 1055568                    /usr/lib64/librt-2.17.so
7feb089a9000-7feb089aa000 rw-p 00007000 08:02 1055568                    /usr/lib64/librt-2.17.so
7feb089aa000-7feb08b6e000 r-xp 00000000 08:02 1055400                    /usr/lib64/libc-2.17.so
7feb08b6e000-7feb08d6d000 ---p 001c4000 08:02 1055400                    /usr/lib64/libc-2.17.so
7feb08d6d000-7feb08d71000 r--p 001c3000 08:02 1055400                    /usr/lib64/libc-2.17.so
7feb08d71000-7feb08d73000 rw-p 001c7000 08:02 1055400                    /usr/lib64/libc-2.17.so
7feb08d73000-7feb08d78000 rw-p 00000000 00:00 0 
7feb08d78000-7feb08d7a000 r-xp 00000000 08:02 1055749                    /usr/lib64/libdl-2.17.so
7feb08d7a000-7feb08f7a000 ---p 00002000 08:02 1055749                    /usr/lib64/libdl-2.17.so
7feb08f7a000-7feb08f7b000 r--p 00002000 08:02 1055749                    /usr/lib64/libdl-2.17.so
7feb08f7b000-7feb08f7c000 rw-p 00003000 08:02 1055749                    /usr/lib64/libdl-2.17.so
7feb08f7c000-7feb08f93000 r-xp 00000000 08:02 1055820                    /usr/lib64/libpthread-2.17.so
7feb08f93000-7feb09192000 ---p 00017000 08:02 1055820                    /usr/lib64/libpthread-2.17.so
7feb09192000-7feb09193000 r--p 00016000 08:02 1055820                    /usr/lib64/libpthread-2.17.so
7feb09193000-7feb09194000 rw-p 00017000 08:02 1055820                    /usr/lib64/libpthread-2.17.so
7feb09194000-7feb09198000 rw-p 00000000 00:00 0 
7feb09198000-7feb091ab000 r-xp 00000000 00:29 12972134032339723207       /home1/public/mariach/TeraHeap/teraheap/jdk17/build/linux-x86_64-server-slowdebug/jdk/lib/libjli.so
7feb091ab000-7feb093aa000 ---p 00013000 00:29 12972134032339723207       /home1/public/mariach/TeraHeap/teraheap/jdk17/build/linux-x86_64-server-slowdebug/jdk/lib/libjli.so
7feb093aa000-7feb093ab000 r--p 00012000 00:29 12972134032339723207       /home1/public/mariach/TeraHeap/teraheap/jdk17/build/linux-x86_64-server-slowdebug/jdk/lib/libjli.so
7feb093ab000-7feb093ac000 rw-p 00013000 00:29 12972134032339723207       /home1/public/mariach/TeraHeap/teraheap/jdk17/build/linux-x86_64-server-slowdebug/jdk/lib/libjli.so
7feb093ac000-7feb093c1000 r-xp 00000000 08:02 1055806                    /usr/lib64/libz.so.1.2.7
7feb093c1000-7feb095c0000 ---p 00015000 08:02 1055806                    /usr/lib64/libz.so.1.2.7
7feb095c0000-7feb095c1000 r--p 00014000 08:02 1055806                    /usr/lib64/libz.so.1.2.7
7feb095c1000-7feb095c2000 rw-p 00015000 08:02 1055806                    /usr/lib64/libz.so.1.2.7
7feb095c2000-7feb095c7000 r-xp 00000000 00:29 12763037269152240965       /home1/public/mariach/TeraHeap/teraheap/allocator/lib/libregions.so
7feb095c7000-7feb097c6000 ---p 00005000 00:29 12763037269152240965       /home1/public/mariach/TeraHeap/teraheap/allocator/lib/libregions.so
7feb097c6000-7feb097c7000 r--p 00004000 00:29 12763037269152240965       /home1/public/mariach/TeraHeap/teraheap/allocator/lib/libregions.so
7feb097c7000-7feb097c8000 rw-p 00005000 00:29 12763037269152240965       /home1/public/mariach/TeraHeap/teraheap/allocator/lib/libregions.so
7feb097c8000-7feb097cb000 rw-p 00000000 00:00 0 
7feb097cb000-7feb097ed000 r-xp 00000000 08:02 1055439                    /usr/lib64/ld-2.17.so
7feb09827000-7feb098c8000 rw-p 00000000 00:00 0 
7feb098c8000-7feb098d3000 ---p 00000000 00:00 0 
7feb098d3000-7feb098d7000 ---p 00000000 00:00 0 
7feb098d7000-7feb099d9000 rw-p 00000000 00:00 0 
7feb099db000-7feb099df000 rw-p 00000000 00:00 0 
7feb099df000-7feb099e7000 rw-s 00000000 08:02 656522                     /tmp/hsperfdata_mariach/19941
7feb099e7000-7feb099e8000 ---p 00000000 00:00 0 
7feb099e8000-7feb099e9000 r--p 00000000 00:00 0 
7feb099e9000-7feb099ea000 rwxp 00000000 00:00 0 
7feb099ea000-7feb099ec000 rw-p 00000000 00:00 0 
7feb099ec000-7feb099ed000 r--p 00021000 08:02 1055439                    /usr/lib64/ld-2.17.so
7feb099ed000-7feb099ee000 rw-p 00022000 08:02 1055439                    /usr/lib64/ld-2.17.so
7feb099ee000-7feb099ef000 rw-p 00000000 00:00 0 
7fff33668000-7fff3368a000 rw-p 00000000 00:00 0                          [stack]
7fff336cf000-7fff336d1000 r-xp 00000000 00:00 0                          [vdso]
ffffffffff600000-ffffffffff601000 r-xp 00000000 00:00 0                  [vsyscall]


VM Arguments:
jvm_args: -Xms64M -Xmx1600M --add-exports=java.base/jdk.internal.module=ALL-UNNAMED 
java_command: build.tools.jigsaw.AddPackagesAttribute /home1/public/mariach/TeraHeap/teraheap/jdk17/build/linux-x86_64-server-slowdebug/jdk
java_class_path (initial): /home1/public/mariach/TeraHeap/teraheap/jdk17/build/linux-x86_64-server-slowdebug/buildtools/tools_jigsaw_classes
Launcher Type: SUN_STANDARD

[Global flags]
     intx CICompilerCount                          = 15                                        {product} {ergonomic}     Number of compiler threads to run
     uint ConcGCThreads                            = 6                                         {product} {ergonomic}     Number of threads concurrent gc will use
     uint G1ConcRefinementThreads                  = 23                                        {product} {ergonomic}     The number of parallel rem set update threads. Will be set ergonomically by default.
   size_t G1HeapRegionSize                         = 1048576                                   {product} {ergonomic}     Size of the G1 regions.
    uintx GCDrainStackTargetSize                   = 64                                        {product} {ergonomic}     Number of entries we will try to leave on the stack during parallel gc
   size_t InitialHeapSize                          = 67108864                                  {product} {command line}  Initial heap size (in bytes); zero means use ergonomics
   size_t MarkStackSize                            = 4194304                                   {product} {ergonomic}     Size of marking stack
   size_t MaxHeapSize                              = 1677721600                                {product} {command line}  Maximum heap size (in bytes)
   size_t MaxNewSize                               = 1006632960                                {product} {ergonomic}     Maximum new generation size (in bytes), max_uintx means set ergonomically
   size_t MinHeapDeltaBytes                        = 1048576                                   {product} {ergonomic}     The minimum change in heap space due to GC (in bytes)
   size_t MinHeapSize                              = 67108864                                  {product} {command line}  Minimum heap size (in bytes); zero means use ergonomics
    uintx NonNMethodCodeHeapSize                   = 8192380                                {pd product} {ergonomic}     Size of code heap with non-nmethods (in bytes)
    uintx NonProfiledCodeHeapSize                  = 121732930                              {pd product} {ergonomic}     Size of code heap with non-profiled methods (in bytes)
    uintx ProfiledCodeHeapSize                     = 121732930                              {pd product} {ergonomic}     Size of code heap with profiled methods (in bytes)
    uintx ReservedCodeCacheSize                    = 251658240                              {pd product} {ergonomic}     Reserved code cache size (in bytes) - maximum code cache size
     bool SegmentedCodeCache                       = true                                      {product} {ergonomic}     Use a segmented code cache
   size_t SoftMaxHeapSize                          = 1677721600                             {manageable} {ergonomic}     Soft limit for maximum heap size (in bytes)
     bool UseCompressedClassPointers               = true                           {product lp64_product} {ergonomic}   Use 32-bit class pointers in 64-bit VM. lp64_product means flag is always constant in 32 bit VM
     bool UseCompressedOops                        = true                           {product lp64_product} {ergonomic}   Use 32-bit object references in 64-bit VM. lp64_product means flag is always constant in 32 bit VM
     bool UseG1GC                                  = true                                      {product} {ergonomic}     Use the Garbage-First garbage collector

Logging:
Log output configuration:
 #0: stdout all=warning uptime,level,tags
 #1: stderr all=off uptime,level,tags

Environment Variables:
JAVA_HOME=/home1/public/mariach/bin/jdk-17.0.5/
PATH=/home1/public/mariach/TeraHeap/teraheap/allocator/include/:/archive/users/kolokasis/gcc-4.8.5/bin/:/home1/public/mariach/bin/jdk-17.0.5/bin:/home1/public/mariach/.vscode-server/bin/ee2b180d582a7f601fa6ecfdad8d9fd269ab1884/bin/remote-cli:/home1/public/mariach/TeraHeap/teraheap/allocator/include/:/archive/users/kolokasis/gcc-4.8.5/bin/:/home1/public/mariach/bin/jdk-17.0.5/bin:/home1/public/mariach/TeraHeap/teraheap/allocator/include/:/archive/users/kolokasis/gcc-4.8.5/bin/:/home1/public/mariach/bin/jdk-17.0.5/bin:/opt/rh/llvm-toolset-7/root/usr/bin:/opt/rh/llvm-toolset-7/root/usr/sbin:/opt/rh/devtoolset-8/root/usr/bin:/opt/rh/devtoolset-9/root/usr/bin:/usr/lib64/ccache:/usr/local/bin:/usr/bin:/opt/ibutils/bin:/var/lib/snapd/snap/bin:/usr/local/sbin:/usr/sbin:/home1/public/mariach/bin
LD_LIBRARY_PATH=/home1/public/mariach/TeraHeap/teraheap/allocator/lib/:/home1/public/mariach/TeraHeap/teraheap/allocator/lib/:/home1/public/mariach/TeraHeap/teraheap/allocator/lib/:/opt/rh/llvm-toolset-7/root/usr/lib64:/opt/rh/devtoolset-8/root/usr/lib64:/opt/rh/devtoolset-8/root/usr/lib:/opt/rh/devtoolset-8/root/usr/lib64/dyninst:/opt/rh/devtoolset-8/root/usr/lib/dyninst:/opt/rh/devtoolset-8/root/usr/lib64:/opt/rh/devtoolset-8/root/usr/lib:/opt/rh/devtoolset-9/root/usr/lib64:/opt/rh/devtoolset-9/root/usr/lib:/opt/rh/devtoolset-9/root/usr/lib64/dyninst:/opt/rh/devtoolset-9/root/usr/lib/dyninst:/opt/rh/devtoolset-9/root/usr/lib64:/opt/rh/devtoolset-9/root/usr/lib
SHELL=/bin/bash
LANG=en_US.UTF-8
LC_ALL=C

Signal Handlers:
   SIGSEGV: crash_handler in libjvm.so, mask=11100100010111111101111111111110, flags=SA_RESTART|SA_SIGINFO
    SIGBUS: crash_handler in libjvm.so, mask=11100100010111111101111111111110, flags=SA_RESTART|SA_SIGINFO
    SIGFPE: crash_handler in libjvm.so, mask=11100100010111111101111111111110, flags=SA_RESTART|SA_SIGINFO
   SIGPIPE: javaSignalHandler in libjvm.so, mask=11100100010111111101111111111110, flags=SA_RESTART|SA_SIGINFO
   SIGXFSZ: javaSignalHandler in libjvm.so, mask=11100100010111111101111111111110, flags=SA_RESTART|SA_SIGINFO
    SIGILL: crash_handler in libjvm.so, mask=11100100010111111101111111111110, flags=SA_RESTART|SA_SIGINFO
   SIGUSR2: SR_handler in libjvm.so, mask=00000000000000000000000000000000, flags=SA_RESTART|SA_SIGINFO
    SIGHUP: SIG_DFL, mask=00000000000000000000000000000000, flags=none
    SIGINT: SIG_DFL, mask=00000000000000000000000000000000, flags=none
   SIGTERM: SIG_DFL, mask=00000000000000000000000000000000, flags=none
   SIGQUIT: SIG_DFL, mask=00000000000000000000000000000000, flags=none
   SIGTRAP: crash_handler in libjvm.so, mask=11100100010111111101111111111110, flags=SA_RESTART|SA_SIGINFO


---------------  S Y S T E M  ---------------

OS:
CentOS Linux release 7.9.2009 (Core)
uname: Linux sith1.cluster.ics.forth.gr 3.10.0-1160.45.1.el7.x86_64 #1 SMP Wed Oct 13 17:20:51 UTC 2021 x86_64
OS uptime: 52 days 21:02 hours
libc: glibc 2.17 NPTL 2.17 
rlimit (soft/hard): STACK 8192k/infinity , CORE 0k/infinity , NPROC 4096/1030413 , NOFILE 4096/4096 , AS infinity/infinity , CPU infinity/infinity , DATA infinity/infinity , FSIZE infinity/infinity , MEMLOCK infinity/infinity
load average: 2.18 2.13 1.22

/proc/meminfo:
MemTotal:       263860104 kB
MemFree:        233149220 kB
MemAvailable:   245115376 kB
Buffers:          618272 kB
Cached:         11694456 kB
SwapCached:            0 kB
Active:         23287992 kB
Inactive:        2522988 kB
Active(anon):   13553788 kB
Inactive(anon):    88952 kB
Active(file):    9734204 kB
Inactive(file):  2434036 kB
Unevictable:           0 kB
Mlocked:               0 kB
SwapTotal:             0 kB
SwapFree:              0 kB
Dirty:                64 kB
Writeback:             0 kB
AnonPages:      13478468 kB
Mapped:           964584 kB
Shmem:            144484 kB
Slab:            1018512 kB
SReclaimable:     682104 kB
SUnreclaim:       336408 kB
KernelStack:       31664 kB
PageTables:        66528 kB
NFS_Unstable:          0 kB
Bounce:                0 kB
WritebackTmp:          0 kB
CommitLimit:    131930052 kB
Committed_AS:   25236320 kB
VmallocTotal:   34359738367 kB
VmallocUsed:      722304 kB
VmallocChunk:   34224736252 kB
Percpu:             8320 kB
HardwareCorrupted:     0 kB
AnonHugePages:  10842112 kB
CmaTotal:              0 kB
CmaFree:               0 kB
HugePages_Total:       0
HugePages_Free:        0
HugePages_Rsvd:        0
HugePages_Surp:        0
Hugepagesize:       2048 kB
DirectMap4k:      203124 kB
DirectMap2M:    11218944 kB
DirectMap1G:    258998272 kB

/sys/kernel/mm/transparent_hugepage/enabled: [always] madvise never
/sys/kernel/mm/transparent_hugepage/defrag (defrag/compaction efforts parameter): [always] madvise never

Process Memory:
Virtual Size: 3639460K (peak: 3639460K)
Resident Set Size: 96532K (peak: 96532K) (anon: 83160K, file: 13372K, shmem: 0K)
Swapped out: 0K
C-Heap outstanding allocations: 3233K

/proc/sys/kernel/threads-max (system-wide limit on the number of threads): 2060826
/proc/sys/vm/max_map_count (maximum number of memory map areas a process may have): 65530
/proc/sys/kernel/pid_max (system-wide limit on number of process identifiers): 32768

container (cgroup) information:
container_type: cgroupv1
cpu_cpuset_cpus: 0-31
cpu_memory_nodes: 0-1
active_processor_count: 32
cpu_quota: no quota
cpu_period: 100000
cpu_shares: no shares
memory_limit_in_bytes: unlimited
memory_and_swap_limit_in_bytes: unlimited
memory_soft_limit_in_bytes: unlimited
memory_usage_in_bytes: 24678248448
memory_max_usage_in_bytes: 162584440832

Steal ticks since vm start: 0
Steal ticks percentage since vm start:  0.000

CPU: total 32 (initial active 32) (8 cores per cpu, 2 threads per core) family 6 model 63 stepping 2 microcode 0x46, cx8, cmov, fxsr, ht, mmx, sse, sse2, sse3, ssse3, sse4.1, sse4.2, popcnt, lzcnt, tsc, tscinvbit, avx, avx2, aes, erms, clmul, bmi1, bmi2, fma, vzeroupper, clflush
CPU Model and flags from /proc/cpuinfo:
model name	: Intel(R) Xeon(R) CPU E5-2630 v3 @ 2.40GHz
flags		: fpu vme de pse tsc msr pae mce cx8 apic sep mtrr pge mca cmov pat pse36 clflush dts acpi mmx fxsr sse sse2 ss ht tm pbe syscall nx pdpe1gb rdtscp lm constant_tsc arch_perfmon pebs bts rep_good nopl xtopology nonstop_tsc aperfmperf eagerfpu pni pclmulqdq dtes64 ds_cpl vmx smx est tm2 ssse3 sdbg fma cx16 xtpr pdcm pcid dca sse4_1 sse4_2 x2apic movbe popcnt tsc_deadline_timer aes xsave avx f16c rdrand lahf_lm abm epb invpcid_single intel_ppin ssbd ibrs ibpb stibp tpr_shadow vnmi flexpriority ept vpid fsgsbase tsc_adjust bmi1 avx2 smep bmi2 erms invpcid cqm xsaveopt cqm_llc cqm_occup_llc dtherm arat pln pts md_clear spec_ctrl intel_stibp flush_l1d

Online cpus: 0-31
Offline cpus: 
cache level: 1
cache type: Data
cache size: 32K
cache coherency line size: 64
cache level: 1
cache type: Instruction
cache size: 32K
cache coherency line size: 64
cache level: 2
cache type: Unified
cache size: 256K
cache coherency line size: 64
cache level: 3
cache type: Unified
cache size: 20480K
cache coherency line size: 64
BIOS frequency limitation: <Not Available>
Frequency switch latency (ns): 4294967295
Available cpu frequencies: <Not Available>
Maximum cpu frequency: 2400000
Minimum cpu frequency: 1200000
Current cpu frequency: 2400000
Available governors: performance powersave
Current governor: powersave
Core performance/turbo boost: <Not Available>

Memory: 4k page, physical 263860104k(233149220k free), swap 0k(0k free)
Page Sizes: 4k

vm_info: OpenJDK 64-Bit Server VM (slowdebug 17-internal+0-adhoc.mariach.jdk17) for linux-amd64 JRE (17-internal+0-adhoc.mariach.jdk17), built on Mar 25 2023 18:00:38 by "mariach" with gcc 8.3.1 20190311 (Red Hat 8.3.1-3)

END.
